
> live_project_2@0.1.0 build
> next build

  ▲ Next.js 14.2.15

   Creating an optimized production build ...
 ✓ Compiled successfully
   Linting and checking validity of types ...
   Collecting page data ...
   Generating static pages (0/6) ...
   Generating static pages (1/6) 
   Generating static pages (2/6) 
TMDB_API_KEY is missing. Returning mock data or empty.
TMDB_API_KEY is missing. Returning mock data or empty.
   Generating static pages (4/6) 
 ✓ Generating static pages (6/6)
   Finalizing page optimization ...
   Collecting build traces ...

Route (app)                              Size     First Load JS
┌ ○ /                                    1.97 kB         139 kB
├ ○ /_not-found                          873 B            88 kB
└ ƒ /search                              1.97 kB         139 kB
+ First Load JS shared by all            87.2 kB
  ├ chunks/117-376773e041d36054.js       31.6 kB
  ├ chunks/fd9d1056-3faee2918d4c366c.js  53.6 kB
  └ other shared chunks (total)          1.95 kB


○  (Static)   prerendered as static content
ƒ  (Dynamic)  server-rendered on demand

